{
  "RSpec": {
    "coverage": {
      "/Users/he9qi/Codes/ruby/riot_api/lib/riot_api.rb": [
        1,
        1,
        1,
        null,
        1,
        1,
        1,
        1,
        1,
        1,
        1,
        1,
        null,
        1,
        1,
        null,
        null
      ],
      "/Users/he9qi/Codes/ruby/riot_api/lib/riot_api/strategies/default.rb": [
        1,
        1,
        1,
        null,
        1,
        null,
        1,
        49,
        null,
        null,
        null,
        null,
        null,
        null,
        1,
        25,
        null,
        null,
        1,
        null,
        26,
        24,
        null,
        null,
        null,
        null,
        null,
        null
      ],
      "/Users/he9qi/Codes/ruby/riot_api/lib/riot_api/strategies/summoner.rb": [
        null,
        null,
        1,
        1,
        null,
        1,
        null,
        1,
        7,
        null,
        null,
        null,
        7,
        null,
        null,
        null,
        null,
        1,
        1,
        null,
        null,
        null,
        null,
        1,
        1,
        null,
        null,
        null,
        null,
        1,
        1,
        null,
        null,
        null,
        null,
        1,
        1,
        null,
        null,
        null,
        null,
        1,
        1,
        null,
        null,
        null,
        null,
        null,
        null
      ],
      "/Users/he9qi/Codes/ruby/riot_api/lib/riot_api/strategies/team.rb": [
        null,
        null,
        1,
        1,
        null,
        1,
        null,
        1,
        4,
        null,
        null,
        null,
        4,
        null,
        null,
        1,
        1,
        null,
        null,
        1,
        1,
        null,
        null,
        null,
        null,
        null
      ],
      "/Users/he9qi/Codes/ruby/riot_api/lib/riot_api/strategies/champion.rb": [
        null,
        null,
        1,
        1,
        null,
        1,
        null,
        1,
        4,
        null,
        null,
        null,
        4,
        null,
        null,
        1,
        1,
        null,
        null,
        1,
        1,
        null,
        null,
        null,
        null,
        null
      ],
      "/Users/he9qi/Codes/ruby/riot_api/lib/riot_api/strategies/game.rb": [
        null,
        null,
        1,
        1,
        null,
        1,
        null,
        1,
        3,
        null,
        null,
        null,
        3,
        null,
        null,
        1,
        1,
        null,
        null,
        null,
        null,
        null
      ],
      "/Users/he9qi/Codes/ruby/riot_api/lib/riot_api/strategies/league.rb": [
        null,
        null,
        1,
        1,
        null,
        1,
        null,
        1,
        7,
        null,
        null,
        null,
        7,
        null,
        null,
        1,
        1,
        null,
        null,
        1,
        1,
        null,
        null,
        1,
        1,
        null,
        null,
        1,
        1,
        null,
        null,
        1,
        1,
        null,
        null,
        null,
        null,
        null
      ],
      "/Users/he9qi/Codes/ruby/riot_api/lib/riot_api/strategies/stats.rb": [
        null,
        null,
        1,
        1,
        null,
        1,
        null,
        1,
        4,
        null,
        null,
        null,
        4,
        null,
        null,
        1,
        1,
        null,
        null,
        1,
        1,
        null,
        null,
        null,
        null,
        null
      ],
      "/Users/he9qi/Codes/ruby/riot_api/lib/riot_api/strategies/lol_static_data.rb": [
        null,
        null,
        1,
        1,
        null,
        1,
        null,
        1,
        14,
        null,
        null,
        null,
        14,
        null,
        null,
        1,
        5,
        5,
        10,
        5,
        5,
        null,
        null,
        null,
        1,
        null,
        13,
        null,
        null,
        1,
        13,
        null,
        null,
        1,
        1,
        null,
        null,
        1,
        1,
        null,
        null,
        null,
        null,
        null
      ],
      "/Users/he9qi/Codes/ruby/riot_api/lib/riot_api/api.rb": [
        1,
        1,
        null,
        1,
        null,
        1,
        null,
        1,
        3,
        null,
        null,
        1,
        5,
        null,
        null,
        null,
        1,
        1,
        1,
        1,
        9,
        9,
        null,
        null,
        null,
        1,
        10,
        10,
        10,
        8,
        8,
        11,
        null,
        null,
        null,
        null,
        1,
        2,
        2,
        1,
        null,
        null,
        null,
        null
      ],
      "/Users/he9qi/Codes/ruby/riot_api/lib/riot_api/requester.rb": [
        1,
        1,
        null,
        1,
        5,
        null,
        null,
        1,
        4,
        2,
        null,
        2,
        null,
        4,
        null,
        3,
        null,
        null,
        1,
        5,
        4,
        null,
        1,
        null,
        null,
        null,
        1,
        null,
        null,
        null,
        1,
        3,
        3,
        3,
        3,
        2,
        2,
        null,
        null,
        null,
        null,
        null
      ]
    },
    "timestamp": 1401812237
  }
}
